-------------------------------------------------------------------------------
Test set: com.cydeo.day12.SpartanSpecTest
-------------------------------------------------------------------------------
Tests run: 2, Failures: 2, Errors: 0, Skipped: 0, Time elapsed: 0 sec <<< FAILURE!
com.cydeo.day12.SpartanSpecTest.test1()  Time elapsed: 0 sec  <<< FAILURE!
java.lang.IllegalArgumentException: Specification to merge with cannot be null
	at java.base/jdk.internal.reflect.NativeConstructorAccessorImpl.newInstance0(Native Method)
	at java.base/jdk.internal.reflect.NativeConstructorAccessorImpl.newInstance(NativeConstructorAccessorImpl.java:62)
	at java.base/jdk.internal.reflect.DelegatingConstructorAccessorImpl.newInstance(DelegatingConstructorAccessorImpl.java:45)
	at java.base/java.lang.reflect.Constructor.newInstance(Constructor.java:490)
	at org.codehaus.groovy.reflection.CachedConstructor.invoke(CachedConstructor.java:72)
	at org.codehaus.groovy.reflection.CachedConstructor.doConstructorInvoke(CachedConstructor.java:59)
	at org.codehaus.groovy.runtime.callsite.ConstructorSite$ConstructorSiteNoUnwrap.callConstructor(ConstructorSite.java:84)
	at org.codehaus.groovy.runtime.callsite.AbstractCallSite.callConstructor(AbstractCallSite.java:277)
	at io.restassured.internal.common.assertion.AssertParameter.notNull(AssertParameter.groovy:26)
	at io.restassured.internal.common.assertion.AssertParameter$notNull.callStatic(Unknown Source)
	at io.restassured.internal.SpecificationMerger.merge(SpecificationMerger.groovy:93)
	at io.restassured.internal.SpecificationMerger$merge.call(Unknown Source)
	at io.restassured.internal.RequestSpecificationImpl.spec(RequestSpecificationImpl.groovy:930)
	at com.cydeo.day12.SpartanSpecTest.test1(SpartanSpecTest.java:35)

com.cydeo.day12.SpartanSpecTest.test2()  Time elapsed: 0 sec  <<< FAILURE!
java.lang.IllegalArgumentException: Specification to merge with cannot be null
	at java.base/jdk.internal.reflect.NativeConstructorAccessorImpl.newInstance0(Native Method)
	at java.base/jdk.internal.reflect.NativeConstructorAccessorImpl.newInstance(NativeConstructorAccessorImpl.java:62)
	at java.base/jdk.internal.reflect.DelegatingConstructorAccessorImpl.newInstance(DelegatingConstructorAccessorImpl.java:45)
	at java.base/java.lang.reflect.Constructor.newInstance(Constructor.java:490)
	at org.codehaus.groovy.reflection.CachedConstructor.invoke(CachedConstructor.java:72)
	at org.codehaus.groovy.reflection.CachedConstructor.doConstructorInvoke(CachedConstructor.java:59)
	at org.codehaus.groovy.runtime.callsite.ConstructorSite$ConstructorSiteNoUnwrap.callConstructor(ConstructorSite.java:84)
	at org.codehaus.groovy.runtime.callsite.AbstractCallSite.callConstructor(AbstractCallSite.java:277)
	at io.restassured.internal.common.assertion.AssertParameter.notNull(AssertParameter.groovy:26)
	at io.restassured.internal.common.assertion.AssertParameter$notNull.callStatic(Unknown Source)
	at io.restassured.internal.SpecificationMerger.merge(SpecificationMerger.groovy:93)
	at io.restassured.internal.SpecificationMerger$merge.call(Unknown Source)
	at io.restassured.internal.RequestSpecificationImpl.spec(RequestSpecificationImpl.groovy:930)
	at com.cydeo.day12.SpartanSpecTest.test2(SpartanSpecTest.java:48)

